<?xml version="1.0" encoding="UTF-8"?>
<!-- Generated by org.testng.reporters.JUnitReportReporter -->
<testsuite hostname="LAPTOP-VUK024DT" failures="0" tests="6" name="testCases.TC_nopE_commerce_001" time="63.913" errors="0" timestamp="2023-09-07T12:50:04 IST" skipped="0">
  <testcase classname="testCases.TC_nopE_commerce_001" name="verifyLogin" time="8.077"/>
  <testcase classname="testCases.TC_nopE_commerce_001" name="addToC" time="17.088"/>
  <testcase classname="testCases.TC_nopE_commerce_001" name="logIn" time="4.103"/>
  <testcase classname="testCases.TC_nopE_commerce_001" name="register" time="6.418"/>
  <testcase classname="testCases.TC_nopE_commerce_001" name="search" time="13.106"/>
  <testcase classname="testCases.TC_nopE_commerce_001" name="scroll" time="15.121"/>
</testsuite> <!-- testCases.TC_nopE_commerce_001 -->
